[Tue Oct 18 10:53:53.524570 2022] [ssl:warn] [pid 19384:tid 664] AH01909: cms-laravel.local:443:0 server certificate does NOT include an ID which matches the server name
[Tue Oct 18 10:53:53.834860 2022] [ssl:warn] [pid 19384:tid 664] AH01909: cms-laravel.local:443:0 server certificate does NOT include an ID which matches the server name
[Tue Oct 18 10:53:55.472709 2022] [ssl:warn] [pid 25096:tid 584] AH01909: cms-laravel.local:443:0 server certificate does NOT include an ID which matches the server name
[Tue Oct 18 10:53:55.709672 2022] [ssl:warn] [pid 25096:tid 584] AH01909: cms-laravel.local:443:0 server certificate does NOT include an ID which matches the server name
[Tue Oct 18 12:01:06.823623 2022] [ssl:warn] [pid 5856:tid 420] AH01909: cms-laravel.local:443:0 server certificate does NOT include an ID which matches the server name
[Tue Oct 18 12:01:07.083356 2022] [ssl:warn] [pid 5856:tid 420] AH01909: cms-laravel.local:443:0 server certificate does NOT include an ID which matches the server name
[Tue Oct 18 12:01:07.851449 2022] [ssl:warn] [pid 9744:tid 408] AH01909: cms-laravel.local:443:0 server certificate does NOT include an ID which matches the server name
[Tue Oct 18 12:01:08.099487 2022] [ssl:warn] [pid 9744:tid 408] AH01909: cms-laravel.local:443:0 server certificate does NOT include an ID which matches the server name
[Tue Oct 18 12:01:42.172249 2022] [ssl:warn] [pid 472:tid 500] AH01909: cms-laravel.local:443:0 server certificate does NOT include an ID which matches the server name
[Tue Oct 18 12:01:42.431852 2022] [ssl:warn] [pid 472:tid 500] AH01909: cms-laravel.local:443:0 server certificate does NOT include an ID which matches the server name
[Tue Oct 18 12:01:43.274578 2022] [ssl:warn] [pid 3824:tid 392] AH01909: cms-laravel.local:443:0 server certificate does NOT include an ID which matches the server name
[Tue Oct 18 12:01:43.535670 2022] [ssl:warn] [pid 3824:tid 392] AH01909: cms-laravel.local:443:0 server certificate does NOT include an ID which matches the server name
[Tue Oct 18 12:02:48.297917 2022] [ssl:warn] [pid 2676:tid 516] AH01909: cms-laravel.local:443:0 server certificate does NOT include an ID which matches the server name
[Tue Oct 18 12:02:48.564223 2022] [ssl:warn] [pid 2676:tid 516] AH01909: cms-laravel.local:443:0 server certificate does NOT include an ID which matches the server name
[Tue Oct 18 12:02:49.412646 2022] [ssl:warn] [pid 18832:tid 524] AH01909: cms-laravel.local:443:0 server certificate does NOT include an ID which matches the server name
[Tue Oct 18 12:02:49.678289 2022] [ssl:warn] [pid 18832:tid 524] AH01909: cms-laravel.local:443:0 server certificate does NOT include an ID which matches the server name
[Tue Oct 18 13:53:18.328664 2022] [ssl:warn] [pid 18356:tid 472] AH01909: cms-laravel.local:443:0 server certificate does NOT include an ID which matches the server name
[Tue Oct 18 13:53:18.472901 2022] [ssl:warn] [pid 18356:tid 472] AH01909: cms-laravel.local:443:0 server certificate does NOT include an ID which matches the server name
[Tue Oct 18 13:53:19.136000 2022] [ssl:warn] [pid 19376:tid 400] AH01909: cms-laravel.local:443:0 server certificate does NOT include an ID which matches the server name
[Tue Oct 18 13:53:19.284964 2022] [ssl:warn] [pid 19376:tid 400] AH01909: cms-laravel.local:443:0 server certificate does NOT include an ID which matches the server name
[Tue Oct 18 13:56:06.845541 2022] [ssl:warn] [pid 7420:tid 480] AH01909: cms-laravel.local:443:0 server certificate does NOT include an ID which matches the server name
[Tue Oct 18 13:56:06.993072 2022] [ssl:warn] [pid 7420:tid 480] AH01909: cms-laravel.local:443:0 server certificate does NOT include an ID which matches the server name
[Tue Oct 18 13:56:07.759232 2022] [ssl:warn] [pid 26492:tid 400] AH01909: cms-laravel.local:443:0 server certificate does NOT include an ID which matches the server name
[Tue Oct 18 13:56:07.899410 2022] [ssl:warn] [pid 26492:tid 400] AH01909: cms-laravel.local:443:0 server certificate does NOT include an ID which matches the server name
[Tue Oct 18 13:57:07.688114 2022] [ssl:warn] [pid 25120:tid 480] AH01909: cms-laravel.local:443:0 server certificate does NOT include an ID which matches the server name
[Tue Oct 18 13:57:07.855106 2022] [ssl:warn] [pid 25120:tid 480] AH01909: cms-laravel.local:443:0 server certificate does NOT include an ID which matches the server name
[Tue Oct 18 13:57:08.375457 2022] [ssl:warn] [pid 18164:tid 440] AH01909: cms-laravel.local:443:0 server certificate does NOT include an ID which matches the server name
[Tue Oct 18 13:57:08.525282 2022] [ssl:warn] [pid 18164:tid 440] AH01909: cms-laravel.local:443:0 server certificate does NOT include an ID which matches the server name
[Tue Oct 18 13:57:43.244865 2022] [ssl:warn] [pid 21376:tid 488] AH01909: cms-laravel.local:443:0 server certificate does NOT include an ID which matches the server name
[Tue Oct 18 13:57:43.410097 2022] [ssl:warn] [pid 21376:tid 488] AH01909: cms-laravel.local:443:0 server certificate does NOT include an ID which matches the server name
[Tue Oct 18 13:57:43.972343 2022] [ssl:warn] [pid 24748:tid 364] AH01909: cms-laravel.local:443:0 server certificate does NOT include an ID which matches the server name
[Tue Oct 18 13:57:44.129106 2022] [ssl:warn] [pid 24748:tid 364] AH01909: cms-laravel.local:443:0 server certificate does NOT include an ID which matches the server name
[Tue Oct 18 14:05:27.413257 2022] [ssl:warn] [pid 5892:tid 504] AH01909: cms-laravel.local:443:0 server certificate does NOT include an ID which matches the server name
[Tue Oct 18 14:05:27.583989 2022] [ssl:warn] [pid 5892:tid 504] AH01909: cms-laravel.local:443:0 server certificate does NOT include an ID which matches the server name
[Tue Oct 18 14:05:28.121720 2022] [ssl:warn] [pid 4876:tid 364] AH01909: cms-laravel.local:443:0 server certificate does NOT include an ID which matches the server name
[Tue Oct 18 14:05:28.353170 2022] [ssl:warn] [pid 4876:tid 364] AH01909: cms-laravel.local:443:0 server certificate does NOT include an ID which matches the server name
[Tue Oct 18 14:05:36.549882 2022] [ssl:warn] [pid 6156:tid 492] AH01909: cms-laravel.local:443:0 server certificate does NOT include an ID which matches the server name
[Tue Oct 18 14:05:36.704262 2022] [ssl:warn] [pid 6156:tid 492] AH01909: cms-laravel.local:443:0 server certificate does NOT include an ID which matches the server name
[Tue Oct 18 14:05:37.250527 2022] [ssl:warn] [pid 19052:tid 208] AH01909: cms-laravel.local:443:0 server certificate does NOT include an ID which matches the server name
[Tue Oct 18 14:05:37.397667 2022] [ssl:warn] [pid 19052:tid 208] AH01909: cms-laravel.local:443:0 server certificate does NOT include an ID which matches the server name
[Tue Oct 18 14:05:47.026592 2022] [ssl:warn] [pid 17944:tid 504] AH01909: cms-laravel.local:443:0 server certificate does NOT include an ID which matches the server name
[Tue Oct 18 14:05:47.177700 2022] [ssl:warn] [pid 17944:tid 504] AH01909: cms-laravel.local:443:0 server certificate does NOT include an ID which matches the server name
[Tue Oct 18 14:05:47.612233 2022] [ssl:warn] [pid 20376:tid 232] AH01909: cms-laravel.local:443:0 server certificate does NOT include an ID which matches the server name
[Tue Oct 18 14:05:47.753440 2022] [ssl:warn] [pid 20376:tid 232] AH01909: cms-laravel.local:443:0 server certificate does NOT include an ID which matches the server name
[Tue Oct 18 14:08:19.771966 2022] [ssl:warn] [pid 5468:tid 668] AH01909: cms-laravel.local:443:0 server certificate does NOT include an ID which matches the server name
[Tue Oct 18 14:08:20.162911 2022] [ssl:warn] [pid 5468:tid 668] AH01909: cms-laravel.local:443:0 server certificate does NOT include an ID which matches the server name
[Tue Oct 18 14:08:21.632621 2022] [ssl:warn] [pid 8364:tid 660] AH01909: cms-laravel.local:443:0 server certificate does NOT include an ID which matches the server name
[Tue Oct 18 14:08:21.805315 2022] [ssl:warn] [pid 8364:tid 660] AH01909: cms-laravel.local:443:0 server certificate does NOT include an ID which matches the server name
[Tue Oct 18 16:47:10.755847 2022] [ssl:warn] [pid 23472:tid 356] AH01909: cms-laravel.local:443:0 server certificate does NOT include an ID which matches the server name
[Tue Oct 18 16:47:11.001516 2022] [ssl:warn] [pid 23472:tid 356] AH01909: cms-laravel.local:443:0 server certificate does NOT include an ID which matches the server name
[Tue Oct 18 16:47:12.271029 2022] [ssl:warn] [pid 11824:tid 428] AH01909: cms-laravel.local:443:0 server certificate does NOT include an ID which matches the server name
[Tue Oct 18 16:47:12.512615 2022] [ssl:warn] [pid 11824:tid 428] AH01909: cms-laravel.local:443:0 server certificate does NOT include an ID which matches the server name
[Tue Oct 18 17:39:07.604167 2022] [ssl:warn] [pid 21512:tid 504] AH01909: cms-laravel.local:443:0 server certificate does NOT include an ID which matches the server name
[Tue Oct 18 17:39:07.855069 2022] [ssl:warn] [pid 21512:tid 504] AH01909: cms-laravel.local:443:0 server certificate does NOT include an ID which matches the server name
[Tue Oct 18 17:39:08.694862 2022] [ssl:warn] [pid 16972:tid 380] AH01909: cms-laravel.local:443:0 server certificate does NOT include an ID which matches the server name
[Tue Oct 18 17:39:08.922144 2022] [ssl:warn] [pid 16972:tid 380] AH01909: cms-laravel.local:443:0 server certificate does NOT include an ID which matches the server name
[Tue Oct 18 17:39:36.130153 2022] [ssl:warn] [pid 23660:tid 484] AH01909: cms-laravel.local:443:0 server certificate does NOT include an ID which matches the server name
[Tue Oct 18 17:39:36.405557 2022] [ssl:warn] [pid 23660:tid 484] AH01909: cms-laravel.local:443:0 server certificate does NOT include an ID which matches the server name
[Tue Oct 18 17:39:37.254066 2022] [ssl:warn] [pid 11268:tid 416] AH01909: cms-laravel.local:443:0 server certificate does NOT include an ID which matches the server name
[Tue Oct 18 17:39:37.541586 2022] [ssl:warn] [pid 11268:tid 416] AH01909: cms-laravel.local:443:0 server certificate does NOT include an ID which matches the server name
[Tue Oct 18 17:40:38.381880 2022] [ssl:warn] [pid 17076:tid 484] AH01909: cms-laravel.local:443:0 server certificate does NOT include an ID which matches the server name
[Tue Oct 18 17:40:38.643556 2022] [ssl:warn] [pid 17076:tid 484] AH01909: cms-laravel.local:443:0 server certificate does NOT include an ID which matches the server name
[Tue Oct 18 17:40:39.536180 2022] [ssl:warn] [pid 12332:tid 384] AH01909: cms-laravel.local:443:0 server certificate does NOT include an ID which matches the server name
[Tue Oct 18 17:40:39.822010 2022] [ssl:warn] [pid 12332:tid 384] AH01909: cms-laravel.local:443:0 server certificate does NOT include an ID which matches the server name
[Tue Oct 18 17:41:09.705559 2022] [ssl:warn] [pid 6612:tid 484] AH01909: cms-laravel.local:443:0 server certificate does NOT include an ID which matches the server name
[Tue Oct 18 17:41:10.069465 2022] [ssl:warn] [pid 6612:tid 484] AH01909: cms-laravel.local:443:0 server certificate does NOT include an ID which matches the server name
[Tue Oct 18 17:41:10.902175 2022] [ssl:warn] [pid 24076:tid 392] AH01909: cms-laravel.local:443:0 server certificate does NOT include an ID which matches the server name
[Tue Oct 18 17:41:11.125229 2022] [ssl:warn] [pid 24076:tid 392] AH01909: cms-laravel.local:443:0 server certificate does NOT include an ID which matches the server name
[Wed Oct 19 10:40:25.898464 2022] [ssl:warn] [pid 5272:tid 524] AH01909: cms-laravel.local:443:0 server certificate does NOT include an ID which matches the server name
[Wed Oct 19 10:40:26.163795 2022] [ssl:warn] [pid 5272:tid 524] AH01909: cms-laravel.local:443:0 server certificate does NOT include an ID which matches the server name
[Wed Oct 19 10:40:27.641925 2022] [ssl:warn] [pid 5392:tid 408] AH01909: cms-laravel.local:443:0 server certificate does NOT include an ID which matches the server name
[Wed Oct 19 10:40:27.873791 2022] [ssl:warn] [pid 5392:tid 408] AH01909: cms-laravel.local:443:0 server certificate does NOT include an ID which matches the server name
[Thu Oct 20 01:13:58.160356 2022] [ssl:warn] [pid 5024:tid 484] AH01909: cms-laravel.local:443:0 server certificate does NOT include an ID which matches the server name
[Thu Oct 20 01:13:58.525795 2022] [ssl:warn] [pid 5024:tid 484] AH01909: cms-laravel.local:443:0 server certificate does NOT include an ID which matches the server name
[Thu Oct 20 01:13:59.857078 2022] [ssl:warn] [pid 7784:tid 556] AH01909: cms-laravel.local:443:0 server certificate does NOT include an ID which matches the server name
[Thu Oct 20 01:14:00.141960 2022] [ssl:warn] [pid 7784:tid 556] AH01909: cms-laravel.local:443:0 server certificate does NOT include an ID which matches the server name
[Thu Oct 20 10:43:42.960783 2022] [ssl:warn] [pid 8580:tid 508] AH01909: cms-laravel.local:443:0 server certificate does NOT include an ID which matches the server name
[Thu Oct 20 10:43:43.193305 2022] [ssl:warn] [pid 8580:tid 508] AH01909: cms-laravel.local:443:0 server certificate does NOT include an ID which matches the server name
[Thu Oct 20 10:43:44.304561 2022] [ssl:warn] [pid 23216:tid 224] AH01909: cms-laravel.local:443:0 server certificate does NOT include an ID which matches the server name
[Thu Oct 20 10:43:44.569396 2022] [ssl:warn] [pid 23216:tid 224] AH01909: cms-laravel.local:443:0 server certificate does NOT include an ID which matches the server name
[Fri Oct 21 09:45:51.312279 2022] [ssl:warn] [pid 8652:tid 500] AH01909: cms-laravel.local:443:0 server certificate does NOT include an ID which matches the server name
[Fri Oct 21 09:45:52.605862 2022] [ssl:warn] [pid 8652:tid 500] AH01909: cms-laravel.local:443:0 server certificate does NOT include an ID which matches the server name
[Fri Oct 21 09:45:54.899638 2022] [ssl:warn] [pid 7248:tid 440] AH01909: cms-laravel.local:443:0 server certificate does NOT include an ID which matches the server name
[Fri Oct 21 09:45:56.179258 2022] [ssl:warn] [pid 7248:tid 440] AH01909: cms-laravel.local:443:0 server certificate does NOT include an ID which matches the server name
[Fri Oct 21 15:02:43.643356 2022] [ssl:warn] [pid 5336:tid 684] AH01909: cms-laravel.local:443:0 server certificate does NOT include an ID which matches the server name
[Fri Oct 21 15:02:44.341880 2022] [ssl:warn] [pid 5336:tid 684] AH01909: cms-laravel.local:443:0 server certificate does NOT include an ID which matches the server name
[Fri Oct 21 15:02:46.939865 2022] [ssl:warn] [pid 8176:tid 560] AH01909: cms-laravel.local:443:0 server certificate does NOT include an ID which matches the server name
[Fri Oct 21 15:02:48.339923 2022] [ssl:warn] [pid 8176:tid 560] AH01909: cms-laravel.local:443:0 server certificate does NOT include an ID which matches the server name
[Sun Oct 23 03:33:27.235197 2022] [ssl:warn] [pid 5340:tid 660] AH01909: cms-laravel.local:443:0 server certificate does NOT include an ID which matches the server name
[Sun Oct 23 03:33:28.033694 2022] [ssl:warn] [pid 5340:tid 660] AH01909: cms-laravel.local:443:0 server certificate does NOT include an ID which matches the server name
[Sun Oct 23 03:33:29.527115 2022] [ssl:warn] [pid 8076:tid 588] AH01909: cms-laravel.local:443:0 server certificate does NOT include an ID which matches the server name
[Sun Oct 23 03:33:29.684179 2022] [ssl:warn] [pid 8076:tid 588] AH01909: cms-laravel.local:443:0 server certificate does NOT include an ID which matches the server name
[Sun Oct 23 03:37:30.837294 2022] [ssl:warn] [pid 4960:tid 456] AH01909: cms-laravel.local:443:0 server certificate does NOT include an ID which matches the server name
[Sun Oct 23 03:37:31.572507 2022] [ssl:warn] [pid 4960:tid 456] AH01909: cms-laravel.local:443:0 server certificate does NOT include an ID which matches the server name
[Sun Oct 23 03:37:33.860725 2022] [ssl:warn] [pid 7760:tid 564] AH01909: cms-laravel.local:443:0 server certificate does NOT include an ID which matches the server name
[Sun Oct 23 03:37:34.002932 2022] [ssl:warn] [pid 7760:tid 564] AH01909: cms-laravel.local:443:0 server certificate does NOT include an ID which matches the server name
[Sun Oct 23 03:38:44.926347 2022] [ssl:warn] [pid 5252:tid 480] AH01909: cms-laravel.local:443:0 server certificate does NOT include an ID which matches the server name
[Sun Oct 23 03:38:45.600810 2022] [ssl:warn] [pid 5252:tid 480] AH01909: cms-laravel.local:443:0 server certificate does NOT include an ID which matches the server name
[Sun Oct 23 03:38:46.815368 2022] [ssl:warn] [pid 8148:tid 672] AH01909: cms-laravel.local:443:0 server certificate does NOT include an ID which matches the server name
[Sun Oct 23 03:38:47.002120 2022] [ssl:warn] [pid 8148:tid 672] AH01909: cms-laravel.local:443:0 server certificate does NOT include an ID which matches the server name
[Sun Oct 23 03:43:10.918948 2022] [ssl:warn] [pid 5380:tid 648] AH01909: cms-laravel.local:443:0 server certificate does NOT include an ID which matches the server name
[Sun Oct 23 03:43:11.612170 2022] [ssl:warn] [pid 5380:tid 648] AH01909: cms-laravel.local:443:0 server certificate does NOT include an ID which matches the server name
[Sun Oct 23 03:43:13.152853 2022] [ssl:warn] [pid 8196:tid 408] AH01909: cms-laravel.local:443:0 server certificate does NOT include an ID which matches the server name
[Sun Oct 23 03:43:13.309531 2022] [ssl:warn] [pid 8196:tid 408] AH01909: cms-laravel.local:443:0 server certificate does NOT include an ID which matches the server name
[Sun Oct 23 03:43:51.235891 2022] [ssl:warn] [pid 4840:tid 448] AH01909: cms-laravel.local:443:0 server certificate does NOT include an ID which matches the server name
[Sun Oct 23 03:43:51.950123 2022] [ssl:warn] [pid 4840:tid 448] AH01909: cms-laravel.local:443:0 server certificate does NOT include an ID which matches the server name
[Sun Oct 23 03:43:53.400623 2022] [ssl:warn] [pid 7984:tid 444] AH01909: cms-laravel.local:443:0 server certificate does NOT include an ID which matches the server name
[Sun Oct 23 03:43:54.107053 2022] [ssl:warn] [pid 7984:tid 444] AH01909: cms-laravel.local:443:0 server certificate does NOT include an ID which matches the server name
[Sun Oct 23 04:08:29.225560 2022] [ssl:warn] [pid 4768:tid 600] AH01909: cms-laravel.local:443:0 server certificate does NOT include an ID which matches the server name
[Sun Oct 23 04:08:29.879270 2022] [ssl:warn] [pid 4768:tid 600] AH01909: cms-laravel.local:443:0 server certificate does NOT include an ID which matches the server name
[Sun Oct 23 04:08:31.226643 2022] [ssl:warn] [pid 7668:tid 424] AH01909: cms-laravel.local:443:0 server certificate does NOT include an ID which matches the server name
[Sun Oct 23 04:08:31.407946 2022] [ssl:warn] [pid 7668:tid 424] AH01909: cms-laravel.local:443:0 server certificate does NOT include an ID which matches the server name
[Sun Oct 23 04:09:17.536185 2022] [ssl:warn] [pid 5048:tid 480] AH01909: cms-laravel.local:443:0 server certificate does NOT include an ID which matches the server name
[Sun Oct 23 04:09:18.211866 2022] [ssl:warn] [pid 5048:tid 480] AH01909: cms-laravel.local:443:0 server certificate does NOT include an ID which matches the server name
[Sun Oct 23 04:09:19.973383 2022] [ssl:warn] [pid 7836:tid 528] AH01909: cms-laravel.local:443:0 server certificate does NOT include an ID which matches the server name
[Sun Oct 23 04:09:20.553550 2022] [ssl:warn] [pid 7836:tid 528] AH01909: cms-laravel.local:443:0 server certificate does NOT include an ID which matches the server name
[Sun Oct 23 04:10:26.738904 2022] [ssl:warn] [pid 5236:tid 520] AH01909: cms-laravel.local:443:0 server certificate does NOT include an ID which matches the server name
[Sun Oct 23 04:10:27.442795 2022] [ssl:warn] [pid 5236:tid 520] AH01909: cms-laravel.local:443:0 server certificate does NOT include an ID which matches the server name
[Sun Oct 23 04:10:28.854317 2022] [ssl:warn] [pid 8116:tid 172] AH01909: cms-laravel.local:443:0 server certificate does NOT include an ID which matches the server name
[Sun Oct 23 04:10:29.073872 2022] [ssl:warn] [pid 8116:tid 172] AH01909: cms-laravel.local:443:0 server certificate does NOT include an ID which matches the server name
[Sun Oct 23 04:17:35.741723 2022] [ssl:warn] [pid 5612:tid 540] AH01909: cms-laravel.local:443:0 server certificate does NOT include an ID which matches the server name
[Sun Oct 23 04:17:36.386617 2022] [ssl:warn] [pid 5612:tid 540] AH01909: cms-laravel.local:443:0 server certificate does NOT include an ID which matches the server name
[Sun Oct 23 04:17:37.593460 2022] [ssl:warn] [pid 7596:tid 556] AH01909: cms-laravel.local:443:0 server certificate does NOT include an ID which matches the server name
[Sun Oct 23 04:17:37.766164 2022] [ssl:warn] [pid 7596:tid 556] AH01909: cms-laravel.local:443:0 server certificate does NOT include an ID which matches the server name
[Sun Oct 23 04:18:20.243462 2022] [ssl:warn] [pid 5240:tid 508] AH01909: cms-laravel.local:443:0 server certificate does NOT include an ID which matches the server name
[Sun Oct 23 04:18:20.917374 2022] [ssl:warn] [pid 5240:tid 508] AH01909: cms-laravel.local:443:0 server certificate does NOT include an ID which matches the server name
[Sun Oct 23 04:18:22.225036 2022] [ssl:warn] [pid 2504:tid 604] AH01909: cms-laravel.local:443:0 server certificate does NOT include an ID which matches the server name
[Sun Oct 23 04:18:22.816159 2022] [ssl:warn] [pid 2504:tid 604] AH01909: cms-laravel.local:443:0 server certificate does NOT include an ID which matches the server name
[Sun Oct 23 04:21:38.769669 2022] [ssl:warn] [pid 5216:tid 640] AH01909: cms-laravel.local:443:0 server certificate does NOT include an ID which matches the server name
[Sun Oct 23 04:21:39.437513 2022] [ssl:warn] [pid 5216:tid 640] AH01909: cms-laravel.local:443:0 server certificate does NOT include an ID which matches the server name
[Sun Oct 23 04:21:40.497480 2022] [ssl:warn] [pid 7896:tid 452] AH01909: cms-laravel.local:443:0 server certificate does NOT include an ID which matches the server name
[Sun Oct 23 04:21:40.764033 2022] [ssl:warn] [pid 7896:tid 452] AH01909: cms-laravel.local:443:0 server certificate does NOT include an ID which matches the server name
[Sun Oct 23 04:24:39.695835 2022] [ssl:warn] [pid 5116:tid 636] AH01909: cms-laravel.local:443:0 server certificate does NOT include an ID which matches the server name
[Sun Oct 23 04:24:40.435576 2022] [ssl:warn] [pid 5116:tid 636] AH01909: cms-laravel.local:443:0 server certificate does NOT include an ID which matches the server name
[Sun Oct 23 04:24:41.901291 2022] [ssl:warn] [pid 9032:tid 680] AH01909: cms-laravel.local:443:0 server certificate does NOT include an ID which matches the server name
[Sun Oct 23 04:24:42.128058 2022] [ssl:warn] [pid 9032:tid 680] AH01909: cms-laravel.local:443:0 server certificate does NOT include an ID which matches the server name
[Sun Oct 23 04:27:40.603294 2022] [ssl:warn] [pid 5332:tid 668] AH01909: cms-laravel.local:443:0 server certificate does NOT include an ID which matches the server name
[Sun Oct 23 04:27:41.280648 2022] [ssl:warn] [pid 5332:tid 668] AH01909: cms-laravel.local:443:0 server certificate does NOT include an ID which matches the server name
[Sun Oct 23 04:27:42.445280 2022] [ssl:warn] [pid 8024:tid 716] AH01909: cms-laravel.local:443:0 server certificate does NOT include an ID which matches the server name
[Sun Oct 23 04:27:42.712238 2022] [ssl:warn] [pid 8024:tid 716] AH01909: cms-laravel.local:443:0 server certificate does NOT include an ID which matches the server name
[Sun Oct 23 04:40:50.784684 2022] [ssl:warn] [pid 5440:tid 656] AH01909: cms-laravel.local:443:0 server certificate does NOT include an ID which matches the server name
[Sun Oct 23 04:40:51.434950 2022] [ssl:warn] [pid 5440:tid 656] AH01909: cms-laravel.local:443:0 server certificate does NOT include an ID which matches the server name
[Sun Oct 23 04:40:52.985705 2022] [ssl:warn] [pid 8376:tid 448] AH01909: cms-laravel.local:443:0 server certificate does NOT include an ID which matches the server name
[Sun Oct 23 04:40:53.231786 2022] [ssl:warn] [pid 8376:tid 448] AH01909: cms-laravel.local:443:0 server certificate does NOT include an ID which matches the server name
[Sun Oct 23 11:03:14.534943 2022] [ssl:warn] [pid 5204:tid 640] AH01909: cms-laravel.local:443:0 server certificate does NOT include an ID which matches the server name
[Sun Oct 23 11:03:15.185898 2022] [ssl:warn] [pid 5204:tid 640] AH01909: cms-laravel.local:443:0 server certificate does NOT include an ID which matches the server name
[Sun Oct 23 11:03:16.355744 2022] [ssl:warn] [pid 7320:tid 648] AH01909: cms-laravel.local:443:0 server certificate does NOT include an ID which matches the server name
[Sun Oct 23 11:03:16.528048 2022] [ssl:warn] [pid 7320:tid 648] AH01909: cms-laravel.local:443:0 server certificate does NOT include an ID which matches the server name
[Sun Oct 23 23:37:18.450270 2022] [ssl:warn] [pid 5244:tid 584] AH01909: cms-laravel.local:443:0 server certificate does NOT include an ID which matches the server name
[Sun Oct 23 23:37:19.120023 2022] [ssl:warn] [pid 5244:tid 584] AH01909: cms-laravel.local:443:0 server certificate does NOT include an ID which matches the server name
[Sun Oct 23 23:37:20.766613 2022] [ssl:warn] [pid 7436:tid 600] AH01909: cms-laravel.local:443:0 server certificate does NOT include an ID which matches the server name
[Sun Oct 23 23:37:21.601354 2022] [ssl:warn] [pid 7436:tid 600] AH01909: cms-laravel.local:443:0 server certificate does NOT include an ID which matches the server name
[Mon Oct 24 12:52:26.079810 2022] [ssl:warn] [pid 10732:tid 668] AH01909: cms-laravel.local:443:0 server certificate does NOT include an ID which matches the server name
[Mon Oct 24 12:52:26.345454 2022] [ssl:warn] [pid 10732:tid 668] AH01909: cms-laravel.local:443:0 server certificate does NOT include an ID which matches the server name
[Mon Oct 24 12:52:27.809298 2022] [ssl:warn] [pid 4476:tid 436] AH01909: cms-laravel.local:443:0 server certificate does NOT include an ID which matches the server name
[Mon Oct 24 12:52:28.102095 2022] [ssl:warn] [pid 4476:tid 436] AH01909: cms-laravel.local:443:0 server certificate does NOT include an ID which matches the server name
[Mon Oct 24 12:54:19.009120 2022] [ssl:warn] [pid 9032:tid 344] AH01909: cms-laravel.local:443:0 server certificate does NOT include an ID which matches the server name
[Mon Oct 24 12:54:19.237965 2022] [ssl:warn] [pid 9032:tid 344] AH01909: cms-laravel.local:443:0 server certificate does NOT include an ID which matches the server name
[Mon Oct 24 12:54:20.065658 2022] [ssl:warn] [pid 4032:tid 348] AH01909: cms-laravel.local:443:0 server certificate does NOT include an ID which matches the server name
[Mon Oct 24 12:54:20.289598 2022] [ssl:warn] [pid 4032:tid 348] AH01909: cms-laravel.local:443:0 server certificate does NOT include an ID which matches the server name
[Mon Oct 24 12:54:59.459544 2022] [ssl:warn] [pid 13996:tid 500] AH01909: cms-laravel.local:443:0 server certificate does NOT include an ID which matches the server name
[Mon Oct 24 12:54:59.719620 2022] [ssl:warn] [pid 13996:tid 500] AH01909: cms-laravel.local:443:0 server certificate does NOT include an ID which matches the server name
[Mon Oct 24 12:55:00.433880 2022] [ssl:warn] [pid 9588:tid 448] AH01909: cms-laravel.local:443:0 server certificate does NOT include an ID which matches the server name
[Mon Oct 24 12:55:00.651108 2022] [ssl:warn] [pid 9588:tid 448] AH01909: cms-laravel.local:443:0 server certificate does NOT include an ID which matches the server name
[Tue Oct 25 05:31:58.710093 2022] [ssl:warn] [pid 23752:tid 736] AH01909: cms-laravel.local:443:0 server certificate does NOT include an ID which matches the server name
[Tue Oct 25 05:31:58.987538 2022] [ssl:warn] [pid 23752:tid 736] AH01909: cms-laravel.local:443:0 server certificate does NOT include an ID which matches the server name
[Tue Oct 25 05:32:00.519337 2022] [ssl:warn] [pid 4072:tid 376] AH01909: cms-laravel.local:443:0 server certificate does NOT include an ID which matches the server name
[Tue Oct 25 05:32:00.777165 2022] [ssl:warn] [pid 4072:tid 376] AH01909: cms-laravel.local:443:0 server certificate does NOT include an ID which matches the server name
[Tue Oct 25 05:33:25.988727 2022] [ssl:warn] [pid 21600:tid 192] AH01909: cms-laravel.local:443:0 server certificate does NOT include an ID which matches the server name
[Tue Oct 25 05:33:26.282146 2022] [ssl:warn] [pid 21600:tid 192] AH01909: cms-laravel.local:443:0 server certificate does NOT include an ID which matches the server name
[Tue Oct 25 05:33:27.386704 2022] [ssl:warn] [pid 4120:tid 372] AH01909: cms-laravel.local:443:0 server certificate does NOT include an ID which matches the server name
[Tue Oct 25 05:33:27.620369 2022] [ssl:warn] [pid 4120:tid 372] AH01909: cms-laravel.local:443:0 server certificate does NOT include an ID which matches the server name
[Tue Oct 25 05:35:23.618612 2022] [ssl:warn] [pid 5348:tid 524] AH01909: cms-laravel.local:443:0 server certificate does NOT include an ID which matches the server name
[Tue Oct 25 05:35:24.284682 2022] [ssl:warn] [pid 5348:tid 524] AH01909: cms-laravel.local:443:0 server certificate does NOT include an ID which matches the server name
[Tue Oct 25 05:35:25.653818 2022] [ssl:warn] [pid 4396:tid 484] AH01909: cms-laravel.local:443:0 server certificate does NOT include an ID which matches the server name
[Tue Oct 25 05:35:25.830197 2022] [ssl:warn] [pid 4396:tid 484] AH01909: cms-laravel.local:443:0 server certificate does NOT include an ID which matches the server name
[Tue Oct 25 05:38:15.576422 2022] [ssl:warn] [pid 20444:tid 480] AH01909: cms-laravel.local:443:0 server certificate does NOT include an ID which matches the server name
[Tue Oct 25 05:38:15.766404 2022] [ssl:warn] [pid 20444:tid 480] AH01909: cms-laravel.local:443:0 server certificate does NOT include an ID which matches the server name
[Tue Oct 25 05:38:16.780824 2022] [ssl:warn] [pid 7388:tid 424] AH01909: cms-laravel.local:443:0 server certificate does NOT include an ID which matches the server name
[Tue Oct 25 05:38:16.938489 2022] [ssl:warn] [pid 7388:tid 424] AH01909: cms-laravel.local:443:0 server certificate does NOT include an ID which matches the server name
[Tue Oct 25 05:38:43.771601 2022] [ssl:warn] [pid 4152:tid 484] AH01909: cms-laravel.local:443:0 server certificate does NOT include an ID which matches the server name
[Tue Oct 25 05:38:43.933735 2022] [ssl:warn] [pid 4152:tid 484] AH01909: cms-laravel.local:443:0 server certificate does NOT include an ID which matches the server name
[Tue Oct 25 05:38:44.664239 2022] [ssl:warn] [pid 20012:tid 444] AH01909: cms-laravel.local:443:0 server certificate does NOT include an ID which matches the server name
[Tue Oct 25 05:38:44.887928 2022] [ssl:warn] [pid 20012:tid 444] AH01909: cms-laravel.local:443:0 server certificate does NOT include an ID which matches the server name
[Tue Oct 25 05:40:08.297705 2022] [ssl:warn] [pid 17236:tid 480] AH01909: cms-laravel.local:443:0 server certificate does NOT include an ID which matches the server name
[Tue Oct 25 05:40:08.489413 2022] [ssl:warn] [pid 17236:tid 480] AH01909: cms-laravel.local:443:0 server certificate does NOT include an ID which matches the server name
[Tue Oct 25 05:41:01.526769 2022] [ssl:warn] [pid 17224:tid 484] AH01909: cms-laravel.local:443:0 server certificate does NOT include an ID which matches the server name
[Tue Oct 25 05:41:01.733920 2022] [ssl:warn] [pid 17224:tid 484] AH01909: cms-laravel.local:443:0 server certificate does NOT include an ID which matches the server name
[Tue Oct 25 05:41:02.689082 2022] [ssl:warn] [pid 15744:tid 432] AH01909: cms-laravel.local:443:0 server certificate does NOT include an ID which matches the server name
[Tue Oct 25 05:41:02.862988 2022] [ssl:warn] [pid 15744:tid 432] AH01909: cms-laravel.local:443:0 server certificate does NOT include an ID which matches the server name
[Tue Oct 25 05:43:48.137573 2022] [ssl:warn] [pid 21816:tid 496] AH01909: cms-laravel.local:443:0 server certificate does NOT include an ID which matches the server name
[Tue Oct 25 05:43:48.349335 2022] [ssl:warn] [pid 21816:tid 496] AH01909: cms-laravel.local:443:0 server certificate does NOT include an ID which matches the server name
[Tue Oct 25 05:43:49.010950 2022] [ssl:warn] [pid 3788:tid 184] AH01909: cms-laravel.local:443:0 server certificate does NOT include an ID which matches the server name
[Tue Oct 25 05:43:49.214923 2022] [ssl:warn] [pid 3788:tid 184] AH01909: cms-laravel.local:443:0 server certificate does NOT include an ID which matches the server name
[Tue Oct 25 05:44:46.621670 2022] [ssl:warn] [pid 5248:tid 688] AH01909: cms-laravel.local:443:0 server certificate does NOT include an ID which matches the server name
[Tue Oct 25 05:44:47.236699 2022] [ssl:warn] [pid 5248:tid 688] AH01909: cms-laravel.local:443:0 server certificate does NOT include an ID which matches the server name
[Tue Oct 25 05:44:49.035344 2022] [ssl:warn] [pid 4992:tid 484] AH01909: cms-laravel.local:443:0 server certificate does NOT include an ID which matches the server name
[Tue Oct 25 05:44:49.944702 2022] [ssl:warn] [pid 4992:tid 484] AH01909: cms-laravel.local:443:0 server certificate does NOT include an ID which matches the server name
[Tue Oct 25 06:38:00.678506 2022] [ssl:warn] [pid 5212:tid 540] AH01909: cms-laravel.local:443:0 server certificate does NOT include an ID which matches the server name
[Tue Oct 25 06:38:01.376440 2022] [ssl:warn] [pid 5212:tid 540] AH01909: cms-laravel.local:443:0 server certificate does NOT include an ID which matches the server name
[Tue Oct 25 06:38:03.165944 2022] [ssl:warn] [pid 7716:tid 520] AH01909: cms-laravel.local:443:0 server certificate does NOT include an ID which matches the server name
[Tue Oct 25 06:38:03.847294 2022] [ssl:warn] [pid 7716:tid 520] AH01909: cms-laravel.local:443:0 server certificate does NOT include an ID which matches the server name
[Tue Oct 25 08:48:48.977422 2022] [ssl:warn] [pid 20016:tid 480] AH01909: cms-laravel.local:443:0 server certificate does NOT include an ID which matches the server name
[Tue Oct 25 08:48:50.226995 2022] [ssl:warn] [pid 20016:tid 480] AH01909: cms-laravel.local:443:0 server certificate does NOT include an ID which matches the server name
[Tue Oct 25 08:48:52.318405 2022] [ssl:warn] [pid 14836:tid 416] AH01909: cms-laravel.local:443:0 server certificate does NOT include an ID which matches the server name
[Tue Oct 25 08:48:53.595775 2022] [ssl:warn] [pid 14836:tid 416] AH01909: cms-laravel.local:443:0 server certificate does NOT include an ID which matches the server name
[Tue Oct 25 08:49:43.058623 2022] [:error] [pid 14836:tid 1964] [client 127.0.0.1:50278] PHP Fatal error:  Composer detected issues in your platform: Your Composer dependencies require a PHP version ">= 8.1.0". You are running 5.6.40. in D:\\github\\cms-laravel\\vendor\\composer\\platform_check.php on line 25
[Tue Oct 25 08:49:48.271651 2022] [:error] [pid 14836:tid 1964] [client 127.0.0.1:50281] PHP Fatal error:  Composer detected issues in your platform: Your Composer dependencies require a PHP version ">= 8.1.0". You are running 5.6.40. in D:\\github\\cms-laravel\\vendor\\composer\\platform_check.php on line 25
[Tue Oct 25 08:49:57.540355 2022] [:error] [pid 14836:tid 1964] [client 127.0.0.1:50286] PHP Fatal error:  Composer detected issues in your platform: Your Composer dependencies require a PHP version ">= 8.1.0". You are running 5.6.40. in D:\\github\\cms-laravel\\vendor\\composer\\platform_check.php on line 25
[Tue Oct 25 08:49:58.223688 2022] [:error] [pid 14836:tid 1964] [client 127.0.0.1:50288] PHP Fatal error:  Composer detected issues in your platform: Your Composer dependencies require a PHP version ">= 8.1.0". You are running 5.6.40. in D:\\github\\cms-laravel\\vendor\\composer\\platform_check.php on line 25
[Tue Oct 25 08:49:59.283317 2022] [:error] [pid 14836:tid 1964] [client 127.0.0.1:50290] PHP Fatal error:  Composer detected issues in your platform: Your Composer dependencies require a PHP version ">= 8.1.0". You are running 5.6.40. in D:\\github\\cms-laravel\\vendor\\composer\\platform_check.php on line 25
[Tue Oct 25 08:50:07.662209 2022] [ssl:warn] [pid 4104:tid 492] AH01909: cms-laravel.local:443:0 server certificate does NOT include an ID which matches the server name
[Tue Oct 25 08:50:07.899283 2022] [ssl:warn] [pid 4104:tid 492] AH01909: cms-laravel.local:443:0 server certificate does NOT include an ID which matches the server name
[Tue Oct 25 08:50:08.640548 2022] [ssl:warn] [pid 21420:tid 452] AH01909: cms-laravel.local:443:0 server certificate does NOT include an ID which matches the server name
[Tue Oct 25 08:50:08.862497 2022] [ssl:warn] [pid 21420:tid 452] AH01909: cms-laravel.local:443:0 server certificate does NOT include an ID which matches the server name
[Tue Oct 25 08:52:14.105028 2022] [ssl:warn] [pid 9476:tid 504] AH01909: cms-laravel.local:443:0 server certificate does NOT include an ID which matches the server name
[Tue Oct 25 08:52:14.367336 2022] [ssl:warn] [pid 9476:tid 504] AH01909: cms-laravel.local:443:0 server certificate does NOT include an ID which matches the server name
[Tue Oct 25 08:52:15.211596 2022] [ssl:warn] [pid 16456:tid 448] AH01909: cms-laravel.local:443:0 server certificate does NOT include an ID which matches the server name
[Tue Oct 25 08:52:15.426907 2022] [ssl:warn] [pid 16456:tid 448] AH01909: cms-laravel.local:443:0 server certificate does NOT include an ID which matches the server name
[Tue Oct 25 08:53:31.776317 2022] [ssl:warn] [pid 16488:tid 496] AH01909: cms-laravel.local:443:0 server certificate does NOT include an ID which matches the server name
[Tue Oct 25 08:53:32.026909 2022] [ssl:warn] [pid 16488:tid 496] AH01909: cms-laravel.local:443:0 server certificate does NOT include an ID which matches the server name
[Tue Oct 25 08:53:32.811078 2022] [ssl:warn] [pid 12732:tid 392] AH01909: cms-laravel.local:443:0 server certificate does NOT include an ID which matches the server name
[Tue Oct 25 08:53:33.041295 2022] [ssl:warn] [pid 12732:tid 392] AH01909: cms-laravel.local:443:0 server certificate does NOT include an ID which matches the server name
[Tue Oct 25 08:55:35.426526 2022] [ssl:warn] [pid 1948:tid 480] AH01909: cms-laravel.local:443:0 server certificate does NOT include an ID which matches the server name
[Tue Oct 25 08:55:35.714362 2022] [ssl:warn] [pid 1948:tid 480] AH01909: cms-laravel.local:443:0 server certificate does NOT include an ID which matches the server name
[Tue Oct 25 08:55:36.425807 2022] [ssl:warn] [pid 19776:tid 404] AH01909: cms-laravel.local:443:0 server certificate does NOT include an ID which matches the server name
[Tue Oct 25 08:55:36.644331 2022] [ssl:warn] [pid 19776:tid 404] AH01909: cms-laravel.local:443:0 server certificate does NOT include an ID which matches the server name
[Tue Oct 25 08:58:49.382299 2022] [ssl:warn] [pid 11896:tid 492] AH01909: cms-laravel.local:443:0 server certificate does NOT include an ID which matches the server name
[Tue Oct 25 08:58:49.623991 2022] [ssl:warn] [pid 11896:tid 492] AH01909: cms-laravel.local:443:0 server certificate does NOT include an ID which matches the server name
[Tue Oct 25 08:58:50.449526 2022] [ssl:warn] [pid 19916:tid 420] AH01909: cms-laravel.local:443:0 server certificate does NOT include an ID which matches the server name
[Tue Oct 25 08:58:50.708075 2022] [ssl:warn] [pid 19916:tid 420] AH01909: cms-laravel.local:443:0 server certificate does NOT include an ID which matches the server name
[Tue Oct 25 08:59:51.893358 2022] [ssl:warn] [pid 6472:tid 496] AH01909: cms-laravel.local:443:0 server certificate does NOT include an ID which matches the server name
[Tue Oct 25 08:59:53.149809 2022] [ssl:warn] [pid 6472:tid 496] AH01909: cms-laravel.local:443:0 server certificate does NOT include an ID which matches the server name
[Tue Oct 25 08:59:54.994711 2022] [ssl:warn] [pid 6812:tid 464] AH01909: cms-laravel.local:443:0 server certificate does NOT include an ID which matches the server name
[Tue Oct 25 08:59:56.254929 2022] [ssl:warn] [pid 6812:tid 464] AH01909: cms-laravel.local:443:0 server certificate does NOT include an ID which matches the server name
[Tue Oct 25 10:23:56.190528 2022] [ssl:warn] [pid 5248:tid 344] AH01909: cms-laravel.local:443:0 server certificate does NOT include an ID which matches the server name
[Tue Oct 25 10:23:56.782642 2022] [ssl:warn] [pid 5248:tid 344] AH01909: cms-laravel.local:443:0 server certificate does NOT include an ID which matches the server name
[Tue Oct 25 10:23:59.048293 2022] [ssl:warn] [pid 8060:tid 448] AH01909: cms-laravel.local:443:0 server certificate does NOT include an ID which matches the server name
[Tue Oct 25 10:24:00.252873 2022] [ssl:warn] [pid 8060:tid 448] AH01909: cms-laravel.local:443:0 server certificate does NOT include an ID which matches the server name
[Tue Oct 25 13:03:55.966927 2022] [ssl:warn] [pid 5388:tid 496] AH01909: cms-laravel.local:443:0 server certificate does NOT include an ID which matches the server name
[Tue Oct 25 13:03:57.204453 2022] [ssl:warn] [pid 5388:tid 496] AH01909: cms-laravel.local:443:0 server certificate does NOT include an ID which matches the server name
[Tue Oct 25 13:03:59.350531 2022] [ssl:warn] [pid 10792:tid 464] AH01909: cms-laravel.local:443:0 server certificate does NOT include an ID which matches the server name
[Tue Oct 25 13:04:00.604229 2022] [ssl:warn] [pid 10792:tid 464] AH01909: cms-laravel.local:443:0 server certificate does NOT include an ID which matches the server name
[Tue Oct 25 13:05:52.092984 2022] [ssl:warn] [pid 25880:tid 488] AH01909: cms-laravel.local:443:0 server certificate does NOT include an ID which matches the server name
[Tue Oct 25 13:05:52.349578 2022] [ssl:warn] [pid 25880:tid 488] AH01909: cms-laravel.local:443:0 server certificate does NOT include an ID which matches the server name
[Tue Oct 25 13:05:53.272821 2022] [ssl:warn] [pid 1340:tid 456] AH01909: cms-laravel.local:443:0 server certificate does NOT include an ID which matches the server name
[Tue Oct 25 13:05:53.527477 2022] [ssl:warn] [pid 1340:tid 456] AH01909: cms-laravel.local:443:0 server certificate does NOT include an ID which matches the server name
[Tue Oct 25 13:08:32.992308 2022] [ssl:warn] [pid 19608:tid 496] AH01909: cms-laravel.local:443:0 server certificate does NOT include an ID which matches the server name
[Tue Oct 25 13:08:33.298696 2022] [ssl:warn] [pid 19608:tid 496] AH01909: cms-laravel.local:443:0 server certificate does NOT include an ID which matches the server name
[Tue Oct 25 13:08:34.085508 2022] [ssl:warn] [pid 25480:tid 392] AH01909: cms-laravel.local:443:0 server certificate does NOT include an ID which matches the server name
[Tue Oct 25 13:08:34.354282 2022] [ssl:warn] [pid 25480:tid 392] AH01909: cms-laravel.local:443:0 server certificate does NOT include an ID which matches the server name
[Tue Oct 25 13:11:27.668043 2022] [ssl:warn] [pid 1564:tid 516] AH01909: cms-laravel.local:443:0 server certificate does NOT include an ID which matches the server name
[Tue Oct 25 13:11:27.955190 2022] [ssl:warn] [pid 1564:tid 516] AH01909: cms-laravel.local:443:0 server certificate does NOT include an ID which matches the server name
[Tue Oct 25 13:11:28.809626 2022] [ssl:warn] [pid 14736:tid 424] AH01909: cms-laravel.local:443:0 server certificate does NOT include an ID which matches the server name
[Tue Oct 25 13:11:30.269941 2022] [ssl:warn] [pid 14736:tid 424] AH01909: cms-laravel.local:443:0 server certificate does NOT include an ID which matches the server name
[Tue Oct 25 13:11:49.900597 2022] [ssl:warn] [pid 16484:tid 480] AH01909: cms-laravel.local:443:0 server certificate does NOT include an ID which matches the server name
[Tue Oct 25 13:11:50.169500 2022] [ssl:warn] [pid 16484:tid 480] AH01909: cms-laravel.local:443:0 server certificate does NOT include an ID which matches the server name
[Tue Oct 25 13:11:51.035436 2022] [ssl:warn] [pid 27468:tid 352] AH01909: cms-laravel.local:443:0 server certificate does NOT include an ID which matches the server name
[Tue Oct 25 13:11:51.281912 2022] [ssl:warn] [pid 27468:tid 352] AH01909: cms-laravel.local:443:0 server certificate does NOT include an ID which matches the server name
[Tue Oct 25 13:13:00.900026 2022] [ssl:warn] [pid 24772:tid 496] AH01909: cms-laravel.local:443:0 server certificate does NOT include an ID which matches the server name
[Tue Oct 25 13:13:01.183233 2022] [ssl:warn] [pid 24772:tid 496] AH01909: cms-laravel.local:443:0 server certificate does NOT include an ID which matches the server name
[Tue Oct 25 13:13:02.058082 2022] [ssl:warn] [pid 25528:tid 184] AH01909: cms-laravel.local:443:0 server certificate does NOT include an ID which matches the server name
[Tue Oct 25 13:13:02.291585 2022] [ssl:warn] [pid 25528:tid 184] AH01909: cms-laravel.local:443:0 server certificate does NOT include an ID which matches the server name
[Tue Oct 25 13:13:57.526666 2022] [ssl:warn] [pid 9380:tid 504] AH01909: cms-laravel.local:443:0 server certificate does NOT include an ID which matches the server name
[Tue Oct 25 13:13:57.792102 2022] [ssl:warn] [pid 9380:tid 504] AH01909: cms-laravel.local:443:0 server certificate does NOT include an ID which matches the server name
[Tue Oct 25 13:13:58.507469 2022] [ssl:warn] [pid 16948:tid 416] AH01909: cms-laravel.local:443:0 server certificate does NOT include an ID which matches the server name
[Tue Oct 25 13:13:58.733476 2022] [ssl:warn] [pid 16948:tid 416] AH01909: cms-laravel.local:443:0 server certificate does NOT include an ID which matches the server name
[Tue Oct 25 13:16:12.392357 2022] [ssl:warn] [pid 25772:tid 704] AH01909: cms-laravel.local:443:0 server certificate does NOT include an ID which matches the server name
[Tue Oct 25 13:16:12.656016 2022] [ssl:warn] [pid 25772:tid 704] AH01909: cms-laravel.local:443:0 server certificate does NOT include an ID which matches the server name
[Tue Oct 25 13:17:03.993976 2022] [ssl:warn] [pid 18784:tid 500] AH01909: cms-laravel.local:443:0 server certificate does NOT include an ID which matches the server name
[Tue Oct 25 13:17:04.248325 2022] [ssl:warn] [pid 18784:tid 500] AH01909: cms-laravel.local:443:0 server certificate does NOT include an ID which matches the server name
[Tue Oct 25 13:17:26.238560 2022] [ssl:warn] [pid 19016:tid 480] AH01909: cms-laravel.local:443:0 server certificate does NOT include an ID which matches the server name
[Tue Oct 25 13:17:26.490681 2022] [ssl:warn] [pid 19016:tid 480] AH01909: cms-laravel.local:443:0 server certificate does NOT include an ID which matches the server name
[Tue Oct 25 13:18:34.895296 2022] [ssl:warn] [pid 18784:tid 480] AH01909: cms-laravel.local:443:0 server certificate does NOT include an ID which matches the server name
[Tue Oct 25 13:18:35.146535 2022] [ssl:warn] [pid 18784:tid 480] AH01909: cms-laravel.local:443:0 server certificate does NOT include an ID which matches the server name
[Tue Oct 25 13:18:36.058531 2022] [ssl:warn] [pid 4756:tid 424] AH01909: cms-laravel.local:443:0 server certificate does NOT include an ID which matches the server name
[Tue Oct 25 13:18:36.318670 2022] [ssl:warn] [pid 4756:tid 424] AH01909: cms-laravel.local:443:0 server certificate does NOT include an ID which matches the server name
[Tue Oct 25 13:19:32.012632 2022] [ssl:warn] [pid 4180:tid 492] AH01909: cms-laravel.local:443:0 server certificate does NOT include an ID which matches the server name
[Tue Oct 25 13:19:32.347702 2022] [ssl:warn] [pid 4180:tid 492] AH01909: cms-laravel.local:443:0 server certificate does NOT include an ID which matches the server name
[Tue Oct 25 13:19:33.319266 2022] [ssl:warn] [pid 22416:tid 432] AH01909: cms-laravel.local:443:0 server certificate does NOT include an ID which matches the server name
[Tue Oct 25 13:19:33.540481 2022] [ssl:warn] [pid 22416:tid 432] AH01909: cms-laravel.local:443:0 server certificate does NOT include an ID which matches the server name
[Tue Oct 25 13:21:44.772267 2022] [ssl:warn] [pid 21304:tid 496] AH01909: cms-laravel.local:443:0 server certificate does NOT include an ID which matches the server name
[Tue Oct 25 13:21:45.111834 2022] [ssl:warn] [pid 21304:tid 496] AH01909: cms-laravel.local:443:0 server certificate does NOT include an ID which matches the server name
[Tue Oct 25 13:21:45.911634 2022] [ssl:warn] [pid 17936:tid 204] AH01909: cms-laravel.local:443:0 server certificate does NOT include an ID which matches the server name
[Tue Oct 25 13:21:46.166197 2022] [ssl:warn] [pid 17936:tid 204] AH01909: cms-laravel.local:443:0 server certificate does NOT include an ID which matches the server name
[Tue Oct 25 13:22:52.788679 2022] [ssl:warn] [pid 16588:tid 508] AH01909: cms-laravel.local:443:0 server certificate does NOT include an ID which matches the server name
[Tue Oct 25 13:22:53.051601 2022] [ssl:warn] [pid 16588:tid 508] AH01909: cms-laravel.local:443:0 server certificate does NOT include an ID which matches the server name
[Tue Oct 25 13:22:53.941388 2022] [ssl:warn] [pid 12152:tid 356] AH01909: cms-laravel.local:443:0 server certificate does NOT include an ID which matches the server name
[Tue Oct 25 13:22:54.199553 2022] [ssl:warn] [pid 12152:tid 356] AH01909: cms-laravel.local:443:0 server certificate does NOT include an ID which matches the server name
[Tue Oct 25 13:23:27.753997 2022] [ssl:warn] [pid 2544:tid 372] AH01909: cms-laravel.local:443:0 server certificate does NOT include an ID which matches the server name
[Tue Oct 25 13:23:28.001382 2022] [ssl:warn] [pid 2544:tid 372] AH01909: cms-laravel.local:443:0 server certificate does NOT include an ID which matches the server name
[Tue Oct 25 13:23:28.821761 2022] [ssl:warn] [pid 7900:tid 204] AH01909: cms-laravel.local:443:0 server certificate does NOT include an ID which matches the server name
[Tue Oct 25 13:23:29.052987 2022] [ssl:warn] [pid 7900:tid 204] AH01909: cms-laravel.local:443:0 server certificate does NOT include an ID which matches the server name
[Tue Oct 25 13:26:26.136522 2022] [ssl:warn] [pid 17932:tid 512] AH01909: cms-laravel.local:443:0 server certificate does NOT include an ID which matches the server name
[Tue Oct 25 13:26:26.419636 2022] [ssl:warn] [pid 17932:tid 512] AH01909: cms-laravel.local:443:0 server certificate does NOT include an ID which matches the server name
[Tue Oct 25 13:26:27.252196 2022] [ssl:warn] [pid 18756:tid 436] AH01909: cms-laravel.local:443:0 server certificate does NOT include an ID which matches the server name
[Tue Oct 25 13:26:27.512994 2022] [ssl:warn] [pid 18756:tid 436] AH01909: cms-laravel.local:443:0 server certificate does NOT include an ID which matches the server name
[Tue Oct 25 13:29:36.696553 2022] [ssl:warn] [pid 22544:tid 488] AH01909: cms-laravel.local:443:0 server certificate does NOT include an ID which matches the server name
[Tue Oct 25 13:29:36.980986 2022] [ssl:warn] [pid 22544:tid 488] AH01909: cms-laravel.local:443:0 server certificate does NOT include an ID which matches the server name
[Tue Oct 25 13:29:37.736273 2022] [ssl:warn] [pid 23764:tid 384] AH01909: cms-laravel.local:443:0 server certificate does NOT include an ID which matches the server name
[Tue Oct 25 13:29:38.003046 2022] [ssl:warn] [pid 23764:tid 384] AH01909: cms-laravel.local:443:0 server certificate does NOT include an ID which matches the server name
[Tue Oct 25 13:31:10.400176 2022] [ssl:warn] [pid 22588:tid 200] AH01909: cms-laravel.local:443:0 server certificate does NOT include an ID which matches the server name
[Tue Oct 25 13:31:10.660900 2022] [ssl:warn] [pid 22588:tid 200] AH01909: cms-laravel.local:443:0 server certificate does NOT include an ID which matches the server name
[Tue Oct 25 13:31:11.449612 2022] [ssl:warn] [pid 11636:tid 184] AH01909: cms-laravel.local:443:0 server certificate does NOT include an ID which matches the server name
[Tue Oct 25 13:31:11.708900 2022] [ssl:warn] [pid 11636:tid 184] AH01909: cms-laravel.local:443:0 server certificate does NOT include an ID which matches the server name
[Tue Oct 25 13:31:28.527609 2022] [ssl:warn] [pid 20528:tid 372] AH01909: cms-laravel.local:443:0 server certificate does NOT include an ID which matches the server name
[Tue Oct 25 13:31:28.787234 2022] [ssl:warn] [pid 20528:tid 372] AH01909: cms-laravel.local:443:0 server certificate does NOT include an ID which matches the server name
[Tue Oct 25 13:31:29.650226 2022] [ssl:warn] [pid 10592:tid 408] AH01909: cms-laravel.local:443:0 server certificate does NOT include an ID which matches the server name
[Tue Oct 25 13:31:29.914989 2022] [ssl:warn] [pid 10592:tid 408] AH01909: cms-laravel.local:443:0 server certificate does NOT include an ID which matches the server name
[Tue Oct 25 13:35:55.285312 2022] [ssl:warn] [pid 27656:tid 484] AH01909: cms-laravel.local:443:0 server certificate does NOT include an ID which matches the server name
[Tue Oct 25 13:35:55.579447 2022] [ssl:warn] [pid 27656:tid 484] AH01909: cms-laravel.local:443:0 server certificate does NOT include an ID which matches the server name
[Tue Oct 25 13:35:56.429019 2022] [ssl:warn] [pid 25260:tid 348] AH01909: cms-laravel.local:443:0 server certificate does NOT include an ID which matches the server name
[Tue Oct 25 13:35:56.695438 2022] [ssl:warn] [pid 25260:tid 348] AH01909: cms-laravel.local:443:0 server certificate does NOT include an ID which matches the server name
[Tue Oct 25 13:36:29.278293 2022] [ssl:warn] [pid 21080:tid 492] AH01909: cms-laravel.local:443:0 server certificate does NOT include an ID which matches the server name
[Tue Oct 25 13:36:29.530047 2022] [ssl:warn] [pid 21080:tid 492] AH01909: cms-laravel.local:443:0 server certificate does NOT include an ID which matches the server name
[Tue Oct 25 13:36:30.357492 2022] [ssl:warn] [pid 18308:tid 380] AH01909: cms-laravel.local:443:0 server certificate does NOT include an ID which matches the server name
[Tue Oct 25 13:36:30.619346 2022] [ssl:warn] [pid 18308:tid 380] AH01909: cms-laravel.local:443:0 server certificate does NOT include an ID which matches the server name
[Tue Oct 25 13:48:31.749266 2022] [ssl:warn] [pid 25020:tid 484] AH01909: cms-laravel.local:443:0 server certificate does NOT include an ID which matches the server name
[Tue Oct 25 13:48:32.019037 2022] [ssl:warn] [pid 25020:tid 484] AH01909: cms-laravel.local:443:0 server certificate does NOT include an ID which matches the server name
[Tue Oct 25 13:48:32.810592 2022] [ssl:warn] [pid 2144:tid 344] AH01909: cms-laravel.local:443:0 server certificate does NOT include an ID which matches the server name
[Tue Oct 25 13:48:33.065421 2022] [ssl:warn] [pid 2144:tid 344] AH01909: cms-laravel.local:443:0 server certificate does NOT include an ID which matches the server name
[Tue Oct 25 13:50:24.357252 2022] [ssl:warn] [pid 22596:tid 480] AH01909: cms-laravel.local:443:0 server certificate does NOT include an ID which matches the server name
[Tue Oct 25 13:50:24.637004 2022] [ssl:warn] [pid 22596:tid 480] AH01909: cms-laravel.local:443:0 server certificate does NOT include an ID which matches the server name
[Tue Oct 25 13:50:25.501678 2022] [ssl:warn] [pid 27956:tid 372] AH01909: cms-laravel.local:443:0 server certificate does NOT include an ID which matches the server name
[Tue Oct 25 13:50:25.760624 2022] [ssl:warn] [pid 27956:tid 372] AH01909: cms-laravel.local:443:0 server certificate does NOT include an ID which matches the server name
